[crafta.usestyle.ai/sites/site-2fb85396-e247-4b8b-bbfe-2aa32a5f38ca.html]
[crafta.usestyle.ai/apple-touch-icon.png]
[crafta.usestyle.ai/favicon-32x32.png]
[crafta.usestyle.ai/favicon-16x16.png]
[backblue.gif]
[fade.gif]
[index.html]
[static.ads-twitter.com/uwt.js]
[connect.facebook.net/en_US/fbevents.js]
[crafta.usestyle.ai/sites/site-2fb85396-e247-4b8b-bbfe-2aa32a5f38ca.html]
[crafta.usestyle.ai/assets/index-lAWf-PzM.css]
[crafta.usestyle.ai/assets/index-6tB7yQ4V.js]
[crafta.usestyle.ai/sites/a.html]
[crafta.usestyle.ai/sites/POST.html]
[crafta.usestyle.ai/sites/b.html]
[crafta.usestyle.ai/sites/schema.org/index.html]
[connect.facebook.net/en_US/fbevents.js]
[crafta.usestyle.ai/assets/index-lAWf-PzM.css]
[crafta.usestyle.ai/sites/a.html]
[crafta.usestyle.ai/sites/POST.html]
[crafta.usestyle.ai/sites/schema.org/index.html]
[crafta.usestyle.ai/sites/b.html]
[crafta.usestyle.ai/signals/iwl.html]
[crafta.usestyle.ai/signals/iwl.html]
